[INFO] (MainThread) Process 0 starting
[INFO] (MainThread) Starting zip project <1,tokenizer-sample-input/aesthetic-master.zip> (process 0)
[INFO] (MainThread) Attempting to process_zip_ball tokenizer-sample-input/aesthetic-master.zip
[INFO] (MainThread) Attempting to process_file_contents tokenizer-sample-input/aesthetic-master.zip/aesthetic-master/library/src/main/java/com/afollestad/aesthetic/ActiveInactiveColors.java
[INFO] (MainThread) Successfully ran process_file_contents tokenizer-sample-input/aesthetic-master.zip/tokenizer-sample-input/aesthetic-master.zip/aesthetic-master/library/src/main/java/com/afollestad/aesthetic/ActiveInactiveColors.java
[INFO] (MainThread) Attempting to process_file_contents tokenizer-sample-input/aesthetic-master.zip/aesthetic-master/library/src/main/java/com/afollestad/aesthetic/Aesthetic.java
[INFO] (MainThread) Successfully ran process_file_contents tokenizer-sample-input/aesthetic-master.zip/tokenizer-sample-input/aesthetic-master.zip/aesthetic-master/library/src/main/java/com/afollestad/aesthetic/Aesthetic.java
[INFO] (MainThread) Attempting to process_file_contents tokenizer-sample-input/aesthetic-master.zip/aesthetic-master/library/src/main/java/com/afollestad/aesthetic/AestheticActionMenuItemView.java
[INFO] (MainThread) Successfully ran process_file_contents tokenizer-sample-input/aesthetic-master.zip/tokenizer-sample-input/aesthetic-master.zip/aesthetic-master/library/src/main/java/com/afollestad/aesthetic/AestheticActionMenuItemView.java
[INFO] (MainThread) Attempting to process_file_contents tokenizer-sample-input/aesthetic-master.zip/aesthetic-master/library/src/main/java/com/afollestad/aesthetic/AestheticActivity.java
[INFO] (MainThread) Successfully ran process_file_contents tokenizer-sample-input/aesthetic-master.zip/tokenizer-sample-input/aesthetic-master.zip/aesthetic-master/library/src/main/java/com/afollestad/aesthetic/AestheticActivity.java
[INFO] (MainThread) Attempting to process_file_contents tokenizer-sample-input/aesthetic-master.zip/aesthetic-master/library/src/main/java/com/afollestad/aesthetic/AestheticBottomNavigationView.java
[INFO] (MainThread) Successfully ran process_file_contents tokenizer-sample-input/aesthetic-master.zip/tokenizer-sample-input/aesthetic-master.zip/aesthetic-master/library/src/main/java/com/afollestad/aesthetic/AestheticBottomNavigationView.java
[INFO] (MainThread) Attempting to process_file_contents tokenizer-sample-input/aesthetic-master.zip/aesthetic-master/library/src/main/java/com/afollestad/aesthetic/AestheticButton.java
[INFO] (MainThread) Successfully ran process_file_contents tokenizer-sample-input/aesthetic-master.zip/tokenizer-sample-input/aesthetic-master.zip/aesthetic-master/library/src/main/java/com/afollestad/aesthetic/AestheticButton.java
[INFO] (MainThread) Attempting to process_file_contents tokenizer-sample-input/aesthetic-master.zip/aesthetic-master/library/src/main/java/com/afollestad/aesthetic/AestheticCardView.java
[INFO] (MainThread) Successfully ran process_file_contents tokenizer-sample-input/aesthetic-master.zip/tokenizer-sample-input/aesthetic-master.zip/aesthetic-master/library/src/main/java/com/afollestad/aesthetic/AestheticCardView.java
[INFO] (MainThread) Attempting to process_file_contents tokenizer-sample-input/aesthetic-master.zip/aesthetic-master/library/src/main/java/com/afollestad/aesthetic/AestheticCheckBox.java
[INFO] (MainThread) Successfully ran process_file_contents tokenizer-sample-input/aesthetic-master.zip/tokenizer-sample-input/aesthetic-master.zip/aesthetic-master/library/src/main/java/com/afollestad/aesthetic/AestheticCheckBox.java
[INFO] (MainThread) Attempting to process_file_contents tokenizer-sample-input/aesthetic-master.zip/aesthetic-master/library/src/main/java/com/afollestad/aesthetic/AestheticCoordinatorLayout.java
[INFO] (MainThread) Successfully ran process_file_contents tokenizer-sample-input/aesthetic-master.zip/tokenizer-sample-input/aesthetic-master.zip/aesthetic-master/library/src/main/java/com/afollestad/aesthetic/AestheticCoordinatorLayout.java
[INFO] (MainThread) Attempting to process_file_contents tokenizer-sample-input/aesthetic-master.zip/aesthetic-master/library/src/main/java/com/afollestad/aesthetic/AestheticDialogButton.java
[INFO] (MainThread) Successfully ran process_file_contents tokenizer-sample-input/aesthetic-master.zip/tokenizer-sample-input/aesthetic-master.zip/aesthetic-master/library/src/main/java/com/afollestad/aesthetic/AestheticDialogButton.java
[INFO] (MainThread) Attempting to process_file_contents tokenizer-sample-input/aesthetic-master.zip/aesthetic-master/library/src/main/java/com/afollestad/aesthetic/AestheticDrawerLayout.java
[INFO] (MainThread) Successfully ran process_file_contents tokenizer-sample-input/aesthetic-master.zip/tokenizer-sample-input/aesthetic-master.zip/aesthetic-master/library/src/main/java/com/afollestad/aesthetic/AestheticDrawerLayout.java
[INFO] (MainThread) Attempting to process_file_contents tokenizer-sample-input/aesthetic-master.zip/aesthetic-master/library/src/main/java/com/afollestad/aesthetic/AestheticEditText.java
[INFO] (MainThread) Successfully ran process_file_contents tokenizer-sample-input/aesthetic-master.zip/tokenizer-sample-input/aesthetic-master.zip/aesthetic-master/library/src/main/java/com/afollestad/aesthetic/AestheticEditText.java
[INFO] (MainThread) Attempting to process_file_contents tokenizer-sample-input/aesthetic-master.zip/aesthetic-master/library/src/main/java/com/afollestad/aesthetic/AestheticFab.java
[INFO] (MainThread) Successfully ran process_file_contents tokenizer-sample-input/aesthetic-master.zip/tokenizer-sample-input/aesthetic-master.zip/aesthetic-master/library/src/main/java/com/afollestad/aesthetic/AestheticFab.java
[INFO] (MainThread) Attempting to process_file_contents tokenizer-sample-input/aesthetic-master.zip/aesthetic-master/library/src/main/java/com/afollestad/aesthetic/AestheticImageButton.java
[INFO] (MainThread) Successfully ran process_file_contents tokenizer-sample-input/aesthetic-master.zip/tokenizer-sample-input/aesthetic-master.zip/aesthetic-master/library/src/main/java/com/afollestad/aesthetic/AestheticImageButton.java
[INFO] (MainThread) Attempting to process_file_contents tokenizer-sample-input/aesthetic-master.zip/aesthetic-master/library/src/main/java/com/afollestad/aesthetic/AestheticImageView.java
[INFO] (MainThread) Successfully ran process_file_contents tokenizer-sample-input/aesthetic-master.zip/tokenizer-sample-input/aesthetic-master.zip/aesthetic-master/library/src/main/java/com/afollestad/aesthetic/AestheticImageView.java
[INFO] (MainThread) Attempting to process_file_contents tokenizer-sample-input/aesthetic-master.zip/aesthetic-master/library/src/main/java/com/afollestad/aesthetic/AestheticKeyProvider.java
[INFO] (MainThread) Successfully ran process_file_contents tokenizer-sample-input/aesthetic-master.zip/tokenizer-sample-input/aesthetic-master.zip/aesthetic-master/library/src/main/java/com/afollestad/aesthetic/AestheticKeyProvider.java
[INFO] (MainThread) Attempting to process_file_contents tokenizer-sample-input/aesthetic-master.zip/aesthetic-master/library/src/main/java/com/afollestad/aesthetic/AestheticListView.java
[INFO] (MainThread) Successfully ran process_file_contents tokenizer-sample-input/aesthetic-master.zip/tokenizer-sample-input/aesthetic-master.zip/aesthetic-master/library/src/main/java/com/afollestad/aesthetic/AestheticListView.java
[INFO] (MainThread) Attempting to process_file_contents tokenizer-sample-input/aesthetic-master.zip/aesthetic-master/library/src/main/java/com/afollestad/aesthetic/AestheticNavigationView.java
[INFO] (MainThread) Successfully ran process_file_contents tokenizer-sample-input/aesthetic-master.zip/tokenizer-sample-input/aesthetic-master.zip/aesthetic-master/library/src/main/java/com/afollestad/aesthetic/AestheticNavigationView.java
[INFO] (MainThread) Attempting to process_file_contents tokenizer-sample-input/aesthetic-master.zip/aesthetic-master/library/src/main/java/com/afollestad/aesthetic/AestheticNestedScrollView.java
[INFO] (MainThread) Successfully ran process_file_contents tokenizer-sample-input/aesthetic-master.zip/tokenizer-sample-input/aesthetic-master.zip/aesthetic-master/library/src/main/java/com/afollestad/aesthetic/AestheticNestedScrollView.java
[INFO] (MainThread) Attempting to process_file_contents tokenizer-sample-input/aesthetic-master.zip/aesthetic-master/library/src/main/java/com/afollestad/aesthetic/AestheticProgressBar.java
[INFO] (MainThread) Successfully ran process_file_contents tokenizer-sample-input/aesthetic-master.zip/tokenizer-sample-input/aesthetic-master.zip/aesthetic-master/library/src/main/java/com/afollestad/aesthetic/AestheticProgressBar.java
[INFO] (MainThread) Attempting to process_file_contents tokenizer-sample-input/aesthetic-master.zip/aesthetic-master/library/src/main/java/com/afollestad/aesthetic/AestheticRadioButton.java
[INFO] (MainThread) Successfully ran process_file_contents tokenizer-sample-input/aesthetic-master.zip/tokenizer-sample-input/aesthetic-master.zip/aesthetic-master/library/src/main/java/com/afollestad/aesthetic/AestheticRadioButton.java
[INFO] (MainThread) Attempting to process_file_contents tokenizer-sample-input/aesthetic-master.zip/aesthetic-master/library/src/main/java/com/afollestad/aesthetic/AestheticRecyclerView.java
[INFO] (MainThread) Successfully ran process_file_contents tokenizer-sample-input/aesthetic-master.zip/tokenizer-sample-input/aesthetic-master.zip/aesthetic-master/library/src/main/java/com/afollestad/aesthetic/AestheticRecyclerView.java
[INFO] (MainThread) Attempting to process_file_contents tokenizer-sample-input/aesthetic-master.zip/aesthetic-master/library/src/main/java/com/afollestad/aesthetic/AestheticScrollView.java
[INFO] (MainThread) Successfully ran process_file_contents tokenizer-sample-input/aesthetic-master.zip/tokenizer-sample-input/aesthetic-master.zip/aesthetic-master/library/src/main/java/com/afollestad/aesthetic/AestheticScrollView.java
[INFO] (MainThread) Attempting to process_file_contents tokenizer-sample-input/aesthetic-master.zip/aesthetic-master/library/src/main/java/com/afollestad/aesthetic/AestheticSeekBar.java
[INFO] (MainThread) Successfully ran process_file_contents tokenizer-sample-input/aesthetic-master.zip/tokenizer-sample-input/aesthetic-master.zip/aesthetic-master/library/src/main/java/com/afollestad/aesthetic/AestheticSeekBar.java
[INFO] (MainThread) Attempting to process_file_contents tokenizer-sample-input/aesthetic-master.zip/aesthetic-master/library/src/main/java/com/afollestad/aesthetic/AestheticSnackBarButton.java
[INFO] (MainThread) Successfully ran process_file_contents tokenizer-sample-input/aesthetic-master.zip/tokenizer-sample-input/aesthetic-master.zip/aesthetic-master/library/src/main/java/com/afollestad/aesthetic/AestheticSnackBarButton.java
[INFO] (MainThread) Attempting to process_file_contents tokenizer-sample-input/aesthetic-master.zip/aesthetic-master/library/src/main/java/com/afollestad/aesthetic/AestheticSnackBarTextView.java
[INFO] (MainThread) Successfully ran process_file_contents tokenizer-sample-input/aesthetic-master.zip/tokenizer-sample-input/aesthetic-master.zip/aesthetic-master/library/src/main/java/com/afollestad/aesthetic/AestheticSnackBarTextView.java
[INFO] (MainThread) Attempting to process_file_contents tokenizer-sample-input/aesthetic-master.zip/aesthetic-master/library/src/main/java/com/afollestad/aesthetic/AestheticSpinner.java
[INFO] (MainThread) Successfully ran process_file_contents tokenizer-sample-input/aesthetic-master.zip/tokenizer-sample-input/aesthetic-master.zip/aesthetic-master/library/src/main/java/com/afollestad/aesthetic/AestheticSpinner.java
[INFO] (MainThread) Attempting to process_file_contents tokenizer-sample-input/aesthetic-master.zip/aesthetic-master/library/src/main/java/com/afollestad/aesthetic/AestheticSwitch.java
[INFO] (MainThread) Successfully ran process_file_contents tokenizer-sample-input/aesthetic-master.zip/tokenizer-sample-input/aesthetic-master.zip/aesthetic-master/library/src/main/java/com/afollestad/aesthetic/AestheticSwitch.java
[INFO] (MainThread) Attempting to process_file_contents tokenizer-sample-input/aesthetic-master.zip/aesthetic-master/library/src/main/java/com/afollestad/aesthetic/AestheticSwitchCompat.java
[INFO] (MainThread) Successfully ran process_file_contents tokenizer-sample-input/aesthetic-master.zip/tokenizer-sample-input/aesthetic-master.zip/aesthetic-master/library/src/main/java/com/afollestad/aesthetic/AestheticSwitchCompat.java
[INFO] (MainThread) Attempting to process_file_contents tokenizer-sample-input/aesthetic-master.zip/aesthetic-master/library/src/main/java/com/afollestad/aesthetic/AestheticTabLayout.java
[INFO] (MainThread) Successfully ran process_file_contents tokenizer-sample-input/aesthetic-master.zip/tokenizer-sample-input/aesthetic-master.zip/aesthetic-master/library/src/main/java/com/afollestad/aesthetic/AestheticTabLayout.java
[INFO] (MainThread) Attempting to process_file_contents tokenizer-sample-input/aesthetic-master.zip/aesthetic-master/library/src/main/java/com/afollestad/aesthetic/AestheticTextInputEditText.java
[INFO] (MainThread) Successfully ran process_file_contents tokenizer-sample-input/aesthetic-master.zip/tokenizer-sample-input/aesthetic-master.zip/aesthetic-master/library/src/main/java/com/afollestad/aesthetic/AestheticTextInputEditText.java
[INFO] (MainThread) Attempting to process_file_contents tokenizer-sample-input/aesthetic-master.zip/aesthetic-master/library/src/main/java/com/afollestad/aesthetic/AestheticTextInputLayout.java
[INFO] (MainThread) Successfully ran process_file_contents tokenizer-sample-input/aesthetic-master.zip/tokenizer-sample-input/aesthetic-master.zip/aesthetic-master/library/src/main/java/com/afollestad/aesthetic/AestheticTextInputLayout.java
[INFO] (MainThread) Attempting to process_file_contents tokenizer-sample-input/aesthetic-master.zip/aesthetic-master/library/src/main/java/com/afollestad/aesthetic/AestheticTextView.java
[INFO] (MainThread) Successfully ran process_file_contents tokenizer-sample-input/aesthetic-master.zip/tokenizer-sample-input/aesthetic-master.zip/aesthetic-master/library/src/main/java/com/afollestad/aesthetic/AestheticTextView.java
[INFO] (MainThread) Attempting to process_file_contents tokenizer-sample-input/aesthetic-master.zip/aesthetic-master/library/src/main/java/com/afollestad/aesthetic/AestheticToolbar.java
[INFO] (MainThread) Successfully ran process_file_contents tokenizer-sample-input/aesthetic-master.zip/tokenizer-sample-input/aesthetic-master.zip/aesthetic-master/library/src/main/java/com/afollestad/aesthetic/AestheticToolbar.java
[INFO] (MainThread) Attempting to process_file_contents tokenizer-sample-input/aesthetic-master.zip/aesthetic-master/library/src/main/java/com/afollestad/aesthetic/AestheticViewPager.java
[INFO] (MainThread) Successfully ran process_file_contents tokenizer-sample-input/aesthetic-master.zip/tokenizer-sample-input/aesthetic-master.zip/aesthetic-master/library/src/main/java/com/afollestad/aesthetic/AestheticViewPager.java
[INFO] (MainThread) Attempting to process_file_contents tokenizer-sample-input/aesthetic-master.zip/aesthetic-master/library/src/main/java/com/afollestad/aesthetic/AutoSwitchMode.java
[INFO] (MainThread) Successfully ran process_file_contents tokenizer-sample-input/aesthetic-master.zip/tokenizer-sample-input/aesthetic-master.zip/aesthetic-master/library/src/main/java/com/afollestad/aesthetic/AutoSwitchMode.java
[INFO] (MainThread) Attempting to process_file_contents tokenizer-sample-input/aesthetic-master.zip/aesthetic-master/library/src/main/java/com/afollestad/aesthetic/BgIconColorState.java
[INFO] (MainThread) Successfully ran process_file_contents tokenizer-sample-input/aesthetic-master.zip/tokenizer-sample-input/aesthetic-master.zip/aesthetic-master/library/src/main/java/com/afollestad/aesthetic/BgIconColorState.java
[INFO] (MainThread) Attempting to process_file_contents tokenizer-sample-input/aesthetic-master.zip/aesthetic-master/library/src/main/java/com/afollestad/aesthetic/BottomNavBgMode.java
[INFO] (MainThread) Successfully ran process_file_contents tokenizer-sample-input/aesthetic-master.zip/tokenizer-sample-input/aesthetic-master.zip/aesthetic-master/library/src/main/java/com/afollestad/aesthetic/BottomNavBgMode.java
[INFO] (MainThread) Attempting to process_file_contents tokenizer-sample-input/aesthetic-master.zip/aesthetic-master/library/src/main/java/com/afollestad/aesthetic/BottomNavIconTextMode.java
[INFO] (MainThread) Successfully ran process_file_contents tokenizer-sample-input/aesthetic-master.zip/tokenizer-sample-input/aesthetic-master.zip/aesthetic-master/library/src/main/java/com/afollestad/aesthetic/BottomNavIconTextMode.java
[INFO] (MainThread) Attempting to process_file_contents tokenizer-sample-input/aesthetic-master.zip/aesthetic-master/library/src/main/java/com/afollestad/aesthetic/ColorIsDarkState.java
[INFO] (MainThread) Successfully ran process_file_contents tokenizer-sample-input/aesthetic-master.zip/tokenizer-sample-input/aesthetic-master.zip/aesthetic-master/library/src/main/java/com/afollestad/aesthetic/ColorIsDarkState.java
[INFO] (MainThread) Attempting to process_file_contents tokenizer-sample-input/aesthetic-master.zip/aesthetic-master/library/src/main/java/com/afollestad/aesthetic/EdgeGlowUtil.java
[INFO] (MainThread) Successfully ran process_file_contents tokenizer-sample-input/aesthetic-master.zip/tokenizer-sample-input/aesthetic-master.zip/aesthetic-master/library/src/main/java/com/afollestad/aesthetic/EdgeGlowUtil.java
[INFO] (MainThread) Attempting to process_file_contents tokenizer-sample-input/aesthetic-master.zip/aesthetic-master/library/src/main/java/com/afollestad/aesthetic/InflationInterceptor.java
[INFO] (MainThread) Successfully ran process_file_contents tokenizer-sample-input/aesthetic-master.zip/tokenizer-sample-input/aesthetic-master.zip/aesthetic-master/library/src/main/java/com/afollestad/aesthetic/InflationInterceptor.java
[INFO] (MainThread) Attempting to process_file_contents tokenizer-sample-input/aesthetic-master.zip/aesthetic-master/library/src/main/java/com/afollestad/aesthetic/NavigationViewMode.java
[INFO] (MainThread) Successfully ran process_file_contents tokenizer-sample-input/aesthetic-master.zip/tokenizer-sample-input/aesthetic-master.zip/aesthetic-master/library/src/main/java/com/afollestad/aesthetic/NavigationViewMode.java
[INFO] (MainThread) Attempting to process_file_contents tokenizer-sample-input/aesthetic-master.zip/aesthetic-master/library/src/main/java/com/afollestad/aesthetic/Rx.java
[INFO] (MainThread) Successfully ran process_file_contents tokenizer-sample-input/aesthetic-master.zip/tokenizer-sample-input/aesthetic-master.zip/aesthetic-master/library/src/main/java/com/afollestad/aesthetic/Rx.java
[INFO] (MainThread) Attempting to process_file_contents tokenizer-sample-input/aesthetic-master.zip/aesthetic-master/library/src/main/java/com/afollestad/aesthetic/TabLayoutBgMode.java
[INFO] (MainThread) Successfully ran process_file_contents tokenizer-sample-input/aesthetic-master.zip/tokenizer-sample-input/aesthetic-master.zip/aesthetic-master/library/src/main/java/com/afollestad/aesthetic/TabLayoutBgMode.java
[INFO] (MainThread) Attempting to process_file_contents tokenizer-sample-input/aesthetic-master.zip/aesthetic-master/library/src/main/java/com/afollestad/aesthetic/TabLayoutIndicatorMode.java
[INFO] (MainThread) Successfully ran process_file_contents tokenizer-sample-input/aesthetic-master.zip/tokenizer-sample-input/aesthetic-master.zip/aesthetic-master/library/src/main/java/com/afollestad/aesthetic/TabLayoutIndicatorMode.java
[INFO] (MainThread) Attempting to process_file_contents tokenizer-sample-input/aesthetic-master.zip/aesthetic-master/library/src/main/java/com/afollestad/aesthetic/TextInputLayoutUtil.java
[INFO] (MainThread) Successfully ran process_file_contents tokenizer-sample-input/aesthetic-master.zip/tokenizer-sample-input/aesthetic-master.zip/aesthetic-master/library/src/main/java/com/afollestad/aesthetic/TextInputLayoutUtil.java
[INFO] (MainThread) Attempting to process_file_contents tokenizer-sample-input/aesthetic-master.zip/aesthetic-master/library/src/main/java/com/afollestad/aesthetic/TintHelper.java
[INFO] (MainThread) Successfully ran process_file_contents tokenizer-sample-input/aesthetic-master.zip/tokenizer-sample-input/aesthetic-master.zip/aesthetic-master/library/src/main/java/com/afollestad/aesthetic/TintHelper.java
[INFO] (MainThread) Attempting to process_file_contents tokenizer-sample-input/aesthetic-master.zip/aesthetic-master/library/src/main/java/com/afollestad/aesthetic/Util.java
[INFO] (MainThread) Successfully ran process_file_contents tokenizer-sample-input/aesthetic-master.zip/tokenizer-sample-input/aesthetic-master.zip/aesthetic-master/library/src/main/java/com/afollestad/aesthetic/Util.java
[INFO] (MainThread) Attempting to process_file_contents tokenizer-sample-input/aesthetic-master.zip/aesthetic-master/library/src/main/java/com/afollestad/aesthetic/ViewBackgroundAction.java
[INFO] (MainThread) Successfully ran process_file_contents tokenizer-sample-input/aesthetic-master.zip/tokenizer-sample-input/aesthetic-master.zip/aesthetic-master/library/src/main/java/com/afollestad/aesthetic/ViewBackgroundAction.java
[INFO] (MainThread) Attempting to process_file_contents tokenizer-sample-input/aesthetic-master.zip/aesthetic-master/library/src/main/java/com/afollestad/aesthetic/ViewBackgroundSubscriber.java
[INFO] (MainThread) Successfully ran process_file_contents tokenizer-sample-input/aesthetic-master.zip/tokenizer-sample-input/aesthetic-master.zip/aesthetic-master/library/src/main/java/com/afollestad/aesthetic/ViewBackgroundSubscriber.java
[INFO] (MainThread) Attempting to process_file_contents tokenizer-sample-input/aesthetic-master.zip/aesthetic-master/library/src/main/java/com/afollestad/aesthetic/ViewHintTextColorAction.java
[INFO] (MainThread) Successfully ran process_file_contents tokenizer-sample-input/aesthetic-master.zip/tokenizer-sample-input/aesthetic-master.zip/aesthetic-master/library/src/main/java/com/afollestad/aesthetic/ViewHintTextColorAction.java
[INFO] (MainThread) Attempting to process_file_contents tokenizer-sample-input/aesthetic-master.zip/aesthetic-master/library/src/main/java/com/afollestad/aesthetic/ViewObservablePair.java
[INFO] (MainThread) Successfully ran process_file_contents tokenizer-sample-input/aesthetic-master.zip/tokenizer-sample-input/aesthetic-master.zip/aesthetic-master/library/src/main/java/com/afollestad/aesthetic/ViewObservablePair.java
[INFO] (MainThread) Attempting to process_file_contents tokenizer-sample-input/aesthetic-master.zip/aesthetic-master/library/src/main/java/com/afollestad/aesthetic/ViewTextColorAction.java
[INFO] (MainThread) Successfully ran process_file_contents tokenizer-sample-input/aesthetic-master.zip/tokenizer-sample-input/aesthetic-master.zip/aesthetic-master/library/src/main/java/com/afollestad/aesthetic/ViewTextColorAction.java
[INFO] (MainThread) Attempting to process_file_contents tokenizer-sample-input/aesthetic-master.zip/aesthetic-master/library/src/main/java/com/afollestad/aesthetic/ViewUtil.java
[INFO] (MainThread) Successfully ran process_file_contents tokenizer-sample-input/aesthetic-master.zip/tokenizer-sample-input/aesthetic-master.zip/aesthetic-master/library/src/main/java/com/afollestad/aesthetic/ViewUtil.java
[INFO] (MainThread) Attempting to process_file_contents tokenizer-sample-input/aesthetic-master.zip/aesthetic-master/sample/src/main/java/com/afollestad/aestheticsample/BottomNavActivity.java
[INFO] (MainThread) Successfully ran process_file_contents tokenizer-sample-input/aesthetic-master.zip/tokenizer-sample-input/aesthetic-master.zip/aesthetic-master/sample/src/main/java/com/afollestad/aestheticsample/BottomNavActivity.java
[INFO] (MainThread) Attempting to process_file_contents tokenizer-sample-input/aesthetic-master.zip/aesthetic-master/sample/src/main/java/com/afollestad/aestheticsample/CoordinatorLayoutActivity.java
[INFO] (MainThread) Successfully ran process_file_contents tokenizer-sample-input/aesthetic-master.zip/tokenizer-sample-input/aesthetic-master.zip/aesthetic-master/sample/src/main/java/com/afollestad/aestheticsample/CoordinatorLayoutActivity.java
[INFO] (MainThread) Attempting to process_file_contents tokenizer-sample-input/aesthetic-master.zip/aesthetic-master/sample/src/main/java/com/afollestad/aestheticsample/DrawerActivity.java
[INFO] (MainThread) Successfully ran process_file_contents tokenizer-sample-input/aesthetic-master.zip/tokenizer-sample-input/aesthetic-master.zip/aesthetic-master/sample/src/main/java/com/afollestad/aestheticsample/DrawerActivity.java
[INFO] (MainThread) Attempting to process_file_contents tokenizer-sample-input/aesthetic-master.zip/aesthetic-master/sample/src/main/java/com/afollestad/aestheticsample/MainActivity.java
[INFO] (MainThread) Successfully ran process_file_contents tokenizer-sample-input/aesthetic-master.zip/tokenizer-sample-input/aesthetic-master.zip/aesthetic-master/sample/src/main/java/com/afollestad/aestheticsample/MainActivity.java
[INFO] (MainThread) Attempting to process_file_contents tokenizer-sample-input/aesthetic-master.zip/aesthetic-master/sample/src/main/java/com/afollestad/aestheticsample/MainAdapter.java
[INFO] (MainThread) Successfully ran process_file_contents tokenizer-sample-input/aesthetic-master.zip/tokenizer-sample-input/aesthetic-master.zip/aesthetic-master/sample/src/main/java/com/afollestad/aestheticsample/MainAdapter.java
[INFO] (MainThread) Attempting to process_file_contents tokenizer-sample-input/aesthetic-master.zip/aesthetic-master/sample/src/main/java/com/afollestad/aestheticsample/MainFragment.java
[INFO] (MainThread) Successfully ran process_file_contents tokenizer-sample-input/aesthetic-master.zip/tokenizer-sample-input/aesthetic-master.zip/aesthetic-master/sample/src/main/java/com/afollestad/aestheticsample/MainFragment.java
[INFO] (MainThread) Attempting to process_file_contents tokenizer-sample-input/aesthetic-master.zip/aesthetic-master/sample/src/main/java/com/afollestad/aestheticsample/MainPagerAdapter.java
[INFO] (MainThread) Successfully ran process_file_contents tokenizer-sample-input/aesthetic-master.zip/tokenizer-sample-input/aesthetic-master.zip/aesthetic-master/sample/src/main/java/com/afollestad/aestheticsample/MainPagerAdapter.java
[INFO] (MainThread) Attempting to process_file_contents tokenizer-sample-input/aesthetic-master.zip/aesthetic-master/sample/src/main/java/com/afollestad/aestheticsample/RecyclerViewActivity.java
[INFO] (MainThread) Successfully ran process_file_contents tokenizer-sample-input/aesthetic-master.zip/tokenizer-sample-input/aesthetic-master.zip/aesthetic-master/sample/src/main/java/com/afollestad/aestheticsample/RecyclerViewActivity.java
[INFO] (MainThread) Attempting to process_file_contents tokenizer-sample-input/aesthetic-master.zip/aesthetic-master/sample/src/main/java/com/afollestad/aestheticsample/SecondaryFragment.java
[INFO] (MainThread) Successfully ran process_file_contents tokenizer-sample-input/aesthetic-master.zip/tokenizer-sample-input/aesthetic-master.zip/aesthetic-master/sample/src/main/java/com/afollestad/aestheticsample/SecondaryFragment.java
[INFO] (MainThread) Successfully ran process_zip_ball tokenizer-sample-input/aesthetic-master.zip
[INFO] (MainThread) Project finished <1,tokenizer-sample-input/aesthetic-master.zip> (process 0)
[INFO] (MainThread)  (0): Total: 0:00:00.078965micros | Zip: 4325 Read: 3373 Separators: 1409micros Tokens: 4424micros Write: 1398micros Hash: 1485 regex: 2111
[INFO] (MainThread) Starting zip project <2,\tokenizer-sample-input/OffsetAnimator-master.zip> (process 0)
[WARNING] (MainThread) Unable to open project <2,\tokenizer-sample-input/OffsetAnimator-master.zip> (process 0)
[INFO] (MainThread) Process 0 finished. 64 files in 0s.
[INFO] (MainThread) Process 0 starting
[INFO] (MainThread) Starting zip project <3,tokenizer-sample-input/ResourceInspector-master.zip> (process 0)
[INFO] (MainThread) Attempting to process_zip_ball tokenizer-sample-input/ResourceInspector-master.zip
[INFO] (MainThread) Attempting to process_file_contents tokenizer-sample-input/ResourceInspector-master.zip/ResourceInspector-master/example/src/main/java/cn/nekocode/resinspector/example/MainActivity.java
[INFO] (MainThread) Successfully ran process_file_contents tokenizer-sample-input/ResourceInspector-master.zip/tokenizer-sample-input/ResourceInspector-master.zip/ResourceInspector-master/example/src/main/java/cn/nekocode/resinspector/example/MainActivity.java
[INFO] (MainThread) Attempting to process_file_contents tokenizer-sample-input/ResourceInspector-master.zip/ResourceInspector-master/resinspector-no-op/src/main/java/cn/nekocode/resinspector/ResourceInspector.java
[INFO] (MainThread) Successfully ran process_file_contents tokenizer-sample-input/ResourceInspector-master.zip/tokenizer-sample-input/ResourceInspector-master.zip/ResourceInspector-master/resinspector-no-op/src/main/java/cn/nekocode/resinspector/ResourceInspector.java
[INFO] (MainThread) Attempting to process_file_contents tokenizer-sample-input/ResourceInspector-master.zip/ResourceInspector-master/resinspector/src/main/java/cn/nekocode/resinspector/ResourceInspector.java
[INFO] (MainThread) Successfully ran process_file_contents tokenizer-sample-input/ResourceInspector-master.zip/tokenizer-sample-input/ResourceInspector-master.zip/ResourceInspector-master/resinspector/src/main/java/cn/nekocode/resinspector/ResourceInspector.java
[INFO] (MainThread) Successfully ran process_zip_ball tokenizer-sample-input/ResourceInspector-master.zip
[INFO] (MainThread) Project finished <3,tokenizer-sample-input/ResourceInspector-master.zip> (process 0)
[INFO] (MainThread)  (0): Total: 0:00:00.005461micros | Zip: 235 Read: 188 Separators: 58micros Tokens: 148micros Write: 61micros Hash: 99 regex: 464
[INFO] (MainThread) Starting zip project <4,tokenizer-sample-input/zachtaylor-JPokemon.zip> (process 0)
[INFO] (MainThread) Attempting to process_zip_ball tokenizer-sample-input/zachtaylor-JPokemon.zip
[INFO] (MainThread) Attempting to process_file_contents tokenizer-sample-input/zachtaylor-JPokemon.zip/JPokemon-master/src/com/jpokemon/interactioneditor/ActionPanel.java
[INFO] (MainThread) Successfully ran process_file_contents tokenizer-sample-input/zachtaylor-JPokemon.zip/tokenizer-sample-input/zachtaylor-JPokemon.zip/JPokemon-master/src/com/jpokemon/interactioneditor/ActionPanel.java
[INFO] (MainThread) Attempting to process_file_contents tokenizer-sample-input/zachtaylor-JPokemon.zip/JPokemon-master/src/com/jpokemon/interactioneditor/InteractionEditor.java
[INFO] (MainThread) Successfully ran process_file_contents tokenizer-sample-input/zachtaylor-JPokemon.zip/tokenizer-sample-input/zachtaylor-JPokemon.zip/JPokemon-master/src/com/jpokemon/interactioneditor/InteractionEditor.java
[INFO] (MainThread) Attempting to process_file_contents tokenizer-sample-input/zachtaylor-JPokemon.zip/JPokemon-master/src/com/jpokemon/interactioneditor/RequirementPanel.java
[INFO] (MainThread) Successfully ran process_file_contents tokenizer-sample-input/zachtaylor-JPokemon.zip/tokenizer-sample-input/zachtaylor-JPokemon.zip/JPokemon-master/src/com/jpokemon/interactioneditor/RequirementPanel.java
[INFO] (MainThread) Attempting to process_file_contents tokenizer-sample-input/zachtaylor-JPokemon.zip/JPokemon-master/src/com/jpokemon/mapeditor/EventEditor.java
[INFO] (MainThread) Successfully ran process_file_contents tokenizer-sample-input/zachtaylor-JPokemon.zip/tokenizer-sample-input/zachtaylor-JPokemon.zip/JPokemon-master/src/com/jpokemon/mapeditor/EventEditor.java
[INFO] (MainThread) Attempting to process_file_contents tokenizer-sample-input/zachtaylor-JPokemon.zip/JPokemon-master/src/com/jpokemon/mapeditor/MapEditComponent.java
[INFO] (MainThread) Successfully ran process_file_contents tokenizer-sample-input/zachtaylor-JPokemon.zip/tokenizer-sample-input/zachtaylor-JPokemon.zip/JPokemon-master/src/com/jpokemon/mapeditor/MapEditComponent.java
[INFO] (MainThread) Attempting to process_file_contents tokenizer-sample-input/zachtaylor-JPokemon.zip/JPokemon-master/src/com/jpokemon/mapeditor/MapEditWindow.java
[INFO] (MainThread) Successfully ran process_file_contents tokenizer-sample-input/zachtaylor-JPokemon.zip/tokenizer-sample-input/zachtaylor-JPokemon.zip/JPokemon-master/src/com/jpokemon/mapeditor/MapEditWindow.java
[INFO] (MainThread) Attempting to process_file_contents tokenizer-sample-input/zachtaylor-JPokemon.zip/JPokemon-master/src/com/jpokemon/mapeditor/NPCEditor.java
[INFO] (MainThread) Successfully ran process_file_contents tokenizer-sample-input/zachtaylor-JPokemon.zip/tokenizer-sample-input/zachtaylor-JPokemon.zip/JPokemon-master/src/com/jpokemon/mapeditor/NPCEditor.java
[INFO] (MainThread) Attempting to process_file_contents tokenizer-sample-input/zachtaylor-JPokemon.zip/JPokemon-master/src/com/jpokemon/mapeditor/NPCTypeEditor.java
[INFO] (MainThread) Successfully ran process_file_contents tokenizer-sample-input/zachtaylor-JPokemon.zip/tokenizer-sample-input/zachtaylor-JPokemon.zip/JPokemon-master/src/com/jpokemon/mapeditor/NPCTypeEditor.java
[INFO] (MainThread) Attempting to process_file_contents tokenizer-sample-input/zachtaylor-JPokemon.zip/JPokemon-master/src/com/jpokemon/mapeditor/WildPokemonEditor.java
[INFO] (MainThread) Successfully ran process_file_contents tokenizer-sample-input/zachtaylor-JPokemon.zip/tokenizer-sample-input/zachtaylor-JPokemon.zip/JPokemon-master/src/com/jpokemon/mapeditor/WildPokemonEditor.java
[INFO] (MainThread) Attempting to process_file_contents tokenizer-sample-input/zachtaylor-JPokemon.zip/JPokemon-master/src/com/jpokemon/savefilegenerator/OwnedPokemonPanel.java
[INFO] (MainThread) Successfully ran process_file_contents tokenizer-sample-input/zachtaylor-JPokemon.zip/tokenizer-sample-input/zachtaylor-JPokemon.zip/JPokemon-master/src/com/jpokemon/savefilegenerator/OwnedPokemonPanel.java
[INFO] (MainThread) Attempting to process_file_contents tokenizer-sample-input/zachtaylor-JPokemon.zip/JPokemon-master/src/com/jpokemon/savefilegenerator/PartyEditorPanel.java
[INFO] (MainThread) Successfully ran process_file_contents tokenizer-sample-input/zachtaylor-JPokemon.zip/tokenizer-sample-input/zachtaylor-JPokemon.zip/JPokemon-master/src/com/jpokemon/savefilegenerator/PartyEditorPanel.java
[INFO] (MainThread) Attempting to process_file_contents tokenizer-sample-input/zachtaylor-JPokemon.zip/JPokemon-master/src/com/jpokemon/savefilegenerator/PlayerDetailsPanel.java
[INFO] (MainThread) Successfully ran process_file_contents tokenizer-sample-input/zachtaylor-JPokemon.zip/tokenizer-sample-input/zachtaylor-JPokemon.zip/JPokemon-master/src/com/jpokemon/savefilegenerator/PlayerDetailsPanel.java
[INFO] (MainThread) Attempting to process_file_contents tokenizer-sample-input/zachtaylor-JPokemon.zip/JPokemon-master/src/com/jpokemon/savefilegenerator/PlayerEditorPanel.java
[INFO] (MainThread) Successfully ran process_file_contents tokenizer-sample-input/zachtaylor-JPokemon.zip/tokenizer-sample-input/zachtaylor-JPokemon.zip/JPokemon-master/src/com/jpokemon/savefilegenerator/PlayerEditorPanel.java
[INFO] (MainThread) Attempting to process_file_contents tokenizer-sample-input/zachtaylor-JPokemon.zip/JPokemon-master/src/com/jpokemon/savefilegenerator/PokemonDetailsPanel.java
[INFO] (MainThread) Successfully ran process_file_contents tokenizer-sample-input/zachtaylor-JPokemon.zip/tokenizer-sample-input/zachtaylor-JPokemon.zip/JPokemon-master/src/com/jpokemon/savefilegenerator/PokemonDetailsPanel.java
[INFO] (MainThread) Attempting to process_file_contents tokenizer-sample-input/zachtaylor-JPokemon.zip/JPokemon-master/src/com/jpokemon/savefilegenerator/PokemonSearchPanel.java
[INFO] (MainThread) Successfully ran process_file_contents tokenizer-sample-input/zachtaylor-JPokemon.zip/tokenizer-sample-input/zachtaylor-JPokemon.zip/JPokemon-master/src/com/jpokemon/savefilegenerator/PokemonSearchPanel.java
[INFO] (MainThread) Attempting to process_file_contents tokenizer-sample-input/zachtaylor-JPokemon.zip/JPokemon-master/src/com/jpokemon/savefilegenerator/SaveGeneratorWindow.java
[INFO] (MainThread) Successfully ran process_file_contents tokenizer-sample-input/zachtaylor-JPokemon.zip/tokenizer-sample-input/zachtaylor-JPokemon.zip/JPokemon-master/src/com/jpokemon/savefilegenerator/SaveGeneratorWindow.java
[INFO] (MainThread) Attempting to process_file_contents tokenizer-sample-input/zachtaylor-JPokemon.zip/JPokemon-master/src/com/jpokemon/savefilegenerator/SelectablePokemonPanel.java
[INFO] (MainThread) Successfully ran process_file_contents tokenizer-sample-input/zachtaylor-JPokemon.zip/tokenizer-sample-input/zachtaylor-JPokemon.zip/JPokemon-master/src/com/jpokemon/savefilegenerator/SelectablePokemonPanel.java
[INFO] (MainThread) Attempting to process_file_contents tokenizer-sample-input/zachtaylor-JPokemon.zip/JPokemon-master/src/com/jpokemon/savefilegenerator/input/AbstractInputHandler.java
[INFO] (MainThread) Successfully ran process_file_contents tokenizer-sample-input/zachtaylor-JPokemon.zip/tokenizer-sample-input/zachtaylor-JPokemon.zip/JPokemon-master/src/com/jpokemon/savefilegenerator/input/AbstractInputHandler.java
[INFO] (MainThread) Attempting to process_file_contents tokenizer-sample-input/zachtaylor-JPokemon.zip/JPokemon-master/src/com/jpokemon/savefilegenerator/input/SetBadgeHandler.java
[INFO] (MainThread) Successfully ran process_file_contents tokenizer-sample-input/zachtaylor-JPokemon.zip/tokenizer-sample-input/zachtaylor-JPokemon.zip/JPokemon-master/src/com/jpokemon/savefilegenerator/input/SetBadgeHandler.java
[INFO] (MainThread) Attempting to process_file_contents tokenizer-sample-input/zachtaylor-JPokemon.zip/JPokemon-master/src/com/jpokemon/savefilegenerator/input/SetCashHandler.java
[INFO] (MainThread) Successfully ran process_file_contents tokenizer-sample-input/zachtaylor-JPokemon.zip/tokenizer-sample-input/zachtaylor-JPokemon.zip/JPokemon-master/src/com/jpokemon/savefilegenerator/input/SetCashHandler.java
[INFO] (MainThread) Attempting to process_file_contents tokenizer-sample-input/zachtaylor-JPokemon.zip/JPokemon-master/src/com/jpokemon/savefilegenerator/input/SetNameHandler.java
[INFO] (MainThread) Successfully ran process_file_contents tokenizer-sample-input/zachtaylor-JPokemon.zip/tokenizer-sample-input/zachtaylor-JPokemon.zip/JPokemon-master/src/com/jpokemon/savefilegenerator/input/SetNameHandler.java
[INFO] (MainThread) Attempting to process_file_contents tokenizer-sample-input/zachtaylor-JPokemon.zip/JPokemon-master/src/com/jpokemon/storeeditor/InventoryPanel.java
[INFO] (MainThread) Successfully ran process_file_contents tokenizer-sample-input/zachtaylor-JPokemon.zip/tokenizer-sample-input/zachtaylor-JPokemon.zip/JPokemon-master/src/com/jpokemon/storeeditor/InventoryPanel.java
[INFO] (MainThread) Attempting to process_file_contents tokenizer-sample-input/zachtaylor-JPokemon.zip/JPokemon-master/src/com/jpokemon/storeeditor/StoreEditor.java
[INFO] (MainThread) Successfully ran process_file_contents tokenizer-sample-input/zachtaylor-JPokemon.zip/tokenizer-sample-input/zachtaylor-JPokemon.zip/JPokemon-master/src/com/jpokemon/storeeditor/StoreEditor.java
[INFO] (MainThread) Attempting to process_file_contents tokenizer-sample-input/zachtaylor-JPokemon.zip/JPokemon-master/src/com/jpokemon/util/FeedbackInputField.java
[INFO] (MainThread) Successfully ran process_file_contents tokenizer-sample-input/zachtaylor-JPokemon.zip/tokenizer-sample-input/zachtaylor-JPokemon.zip/JPokemon-master/src/com/jpokemon/util/FeedbackInputField.java
[INFO] (MainThread) Attempting to process_file_contents tokenizer-sample-input/zachtaylor-JPokemon.zip/JPokemon-master/src/com/jpokemon/util/UtilMain.java
[INFO] (MainThread) Successfully ran process_file_contents tokenizer-sample-input/zachtaylor-JPokemon.zip/tokenizer-sample-input/zachtaylor-JPokemon.zip/JPokemon-master/src/com/jpokemon/util/UtilMain.java
[INFO] (MainThread) Attempting to process_file_contents tokenizer-sample-input/zachtaylor-JPokemon.zip/JPokemon-master/src/com/jpokemon/util/UtilWindow.java
[INFO] (MainThread) Successfully ran process_file_contents tokenizer-sample-input/zachtaylor-JPokemon.zip/tokenizer-sample-input/zachtaylor-JPokemon.zip/JPokemon-master/src/com/jpokemon/util/UtilWindow.java
[INFO] (MainThread) Attempting to process_file_contents tokenizer-sample-input/zachtaylor-JPokemon.zip/JPokemon-master/src/com/jpokemon/util/ui/ImageLoader.java
[INFO] (MainThread) Successfully ran process_file_contents tokenizer-sample-input/zachtaylor-JPokemon.zip/tokenizer-sample-input/zachtaylor-JPokemon.zip/JPokemon-master/src/com/jpokemon/util/ui/ImageLoader.java
[INFO] (MainThread) Attempting to process_file_contents tokenizer-sample-input/zachtaylor-JPokemon.zip/JPokemon-master/src/com/jpokemon/util/ui/JPokemonSelector.java
[INFO] (MainThread) Successfully ran process_file_contents tokenizer-sample-input/zachtaylor-JPokemon.zip/tokenizer-sample-input/zachtaylor-JPokemon.zip/JPokemon-master/src/com/jpokemon/util/ui/JPokemonSelector.java
[INFO] (MainThread) Attempting to process_file_contents tokenizer-sample-input/zachtaylor-JPokemon.zip/JPokemon-master/src/com/jpokemon/util/ui/button/JPokemonButton.java
[INFO] (MainThread) Successfully ran process_file_contents tokenizer-sample-input/zachtaylor-JPokemon.zip/tokenizer-sample-input/zachtaylor-JPokemon.zip/JPokemon-master/src/com/jpokemon/util/ui/button/JPokemonButton.java
[INFO] (MainThread) Attempting to process_file_contents tokenizer-sample-input/zachtaylor-JPokemon.zip/JPokemon-master/src/com/jpokemon/util/ui/selector/ActionTypeSelector.java
[INFO] (MainThread) Successfully ran process_file_contents tokenizer-sample-input/zachtaylor-JPokemon.zip/tokenizer-sample-input/zachtaylor-JPokemon.zip/JPokemon-master/src/com/jpokemon/util/ui/selector/ActionTypeSelector.java
[INFO] (MainThread) Attempting to process_file_contents tokenizer-sample-input/zachtaylor-JPokemon.zip/JPokemon-master/src/com/jpokemon/util/ui/selector/EventSelector.java
[INFO] (MainThread) Successfully ran process_file_contents tokenizer-sample-input/zachtaylor-JPokemon.zip/tokenizer-sample-input/zachtaylor-JPokemon.zip/JPokemon-master/src/com/jpokemon/util/ui/selector/EventSelector.java
[INFO] (MainThread) Attempting to process_file_contents tokenizer-sample-input/zachtaylor-JPokemon.zip/JPokemon-master/src/com/jpokemon/util/ui/selector/ItemSelector.java
[INFO] (MainThread) Successfully ran process_file_contents tokenizer-sample-input/zachtaylor-JPokemon.zip/tokenizer-sample-input/zachtaylor-JPokemon.zip/JPokemon-master/src/com/jpokemon/util/ui/selector/ItemSelector.java
[INFO] (MainThread) Attempting to process_file_contents tokenizer-sample-input/zachtaylor-JPokemon.zip/JPokemon-master/src/com/jpokemon/util/ui/selector/MoveInfoSelector.java
[INFO] (MainThread) Successfully ran process_file_contents tokenizer-sample-input/zachtaylor-JPokemon.zip/tokenizer-sample-input/zachtaylor-JPokemon.zip/JPokemon-master/src/com/jpokemon/util/ui/selector/MoveInfoSelector.java
[INFO] (MainThread) Attempting to process_file_contents tokenizer-sample-input/zachtaylor-JPokemon.zip/JPokemon-master/src/com/jpokemon/util/ui/selector/NPCActionSetSelector.java
[INFO] (MainThread) Successfully ran process_file_contents tokenizer-sample-input/zachtaylor-JPokemon.zip/tokenizer-sample-input/zachtaylor-JPokemon.zip/JPokemon-master/src/com/jpokemon/util/ui/selector/NPCActionSetSelector.java
[INFO] (MainThread) Attempting to process_file_contents tokenizer-sample-input/zachtaylor-JPokemon.zip/JPokemon-master/src/com/jpokemon/util/ui/selector/NPCSelector.java
[INFO] (MainThread) Successfully ran process_file_contents tokenizer-sample-input/zachtaylor-JPokemon.zip/tokenizer-sample-input/zachtaylor-JPokemon.zip/JPokemon-master/src/com/jpokemon/util/ui/selector/NPCSelector.java
[INFO] (MainThread) Attempting to process_file_contents tokenizer-sample-input/zachtaylor-JPokemon.zip/JPokemon-master/src/com/jpokemon/util/ui/selector/NPCTypeSelector.java
[INFO] (MainThread) Successfully ran process_file_contents tokenizer-sample-input/zachtaylor-JPokemon.zip/tokenizer-sample-input/zachtaylor-JPokemon.zip/JPokemon-master/src/com/jpokemon/util/ui/selector/NPCTypeSelector.java
[INFO] (MainThread) Attempting to process_file_contents tokenizer-sample-input/zachtaylor-JPokemon.zip/JPokemon-master/src/com/jpokemon/util/ui/selector/PokemonInfoSelector.java
[INFO] (MainThread) Successfully ran process_file_contents tokenizer-sample-input/zachtaylor-JPokemon.zip/tokenizer-sample-input/zachtaylor-JPokemon.zip/JPokemon-master/src/com/jpokemon/util/ui/selector/PokemonInfoSelector.java
[INFO] (MainThread) Attempting to process_file_contents tokenizer-sample-input/zachtaylor-JPokemon.zip/JPokemon-master/src/com/jpokemon/util/ui/selector/RequirementTypeSelector.java
[INFO] (MainThread) Successfully ran process_file_contents tokenizer-sample-input/zachtaylor-JPokemon.zip/tokenizer-sample-input/zachtaylor-JPokemon.zip/JPokemon-master/src/com/jpokemon/util/ui/selector/RequirementTypeSelector.java
[INFO] (MainThread) Attempting to process_file_contents tokenizer-sample-input/zachtaylor-JPokemon.zip/JPokemon-master/src/com/jpokemon/util/ui/selector/StoreSelector.java
[INFO] (MainThread) Successfully ran process_file_contents tokenizer-sample-input/zachtaylor-JPokemon.zip/tokenizer-sample-input/zachtaylor-JPokemon.zip/JPokemon-master/src/com/jpokemon/util/ui/selector/StoreSelector.java
[INFO] (MainThread) Attempting to process_file_contents tokenizer-sample-input/zachtaylor-JPokemon.zip/JPokemon-master/src/com/jpokemon/util/ui/selector/TypeSelector.java
[INFO] (MainThread) Successfully ran process_file_contents tokenizer-sample-input/zachtaylor-JPokemon.zip/tokenizer-sample-input/zachtaylor-JPokemon.zip/JPokemon-master/src/com/jpokemon/util/ui/selector/TypeSelector.java
[INFO] (MainThread) Attempting to process_file_contents tokenizer-sample-input/zachtaylor-JPokemon.zip/JPokemon-master/src/org/jpokemon/Clock.java
[INFO] (MainThread) Successfully ran process_file_contents tokenizer-sample-input/zachtaylor-JPokemon.zip/tokenizer-sample-input/zachtaylor-JPokemon.zip/JPokemon-master/src/org/jpokemon/Clock.java
[INFO] (MainThread) Attempting to process_file_contents tokenizer-sample-input/zachtaylor-JPokemon.zip/JPokemon-master/src/org/jpokemon/activity/Activity.java
[INFO] (MainThread) Successfully ran process_file_contents tokenizer-sample-input/zachtaylor-JPokemon.zip/tokenizer-sample-input/zachtaylor-JPokemon.zip/JPokemon-master/src/org/jpokemon/activity/Activity.java
[INFO] (MainThread) Attempting to process_file_contents tokenizer-sample-input/zachtaylor-JPokemon.zip/JPokemon-master/src/org/jpokemon/activity/SelectMoveFromPokemonActivity.java
[INFO] (MainThread) Successfully ran process_file_contents tokenizer-sample-input/zachtaylor-JPokemon.zip/tokenizer-sample-input/zachtaylor-JPokemon.zip/JPokemon-master/src/org/jpokemon/activity/SelectMoveFromPokemonActivity.java
[INFO] (MainThread) Attempting to process_file_contents tokenizer-sample-input/zachtaylor-JPokemon.zip/JPokemon-master/src/org/jpokemon/battle/Battle.java
[INFO] (MainThread) Successfully ran process_file_contents tokenizer-sample-input/zachtaylor-JPokemon.zip/tokenizer-sample-input/zachtaylor-JPokemon.zip/JPokemon-master/src/org/jpokemon/battle/Battle.java
[INFO] (MainThread) Attempting to process_file_contents tokenizer-sample-input/zachtaylor-JPokemon.zip/JPokemon-master/src/org/jpokemon/battle/Reward.java
[INFO] (MainThread) Successfully ran process_file_contents tokenizer-sample-input/zachtaylor-JPokemon.zip/tokenizer-sample-input/zachtaylor-JPokemon.zip/JPokemon-master/src/org/jpokemon/battle/Reward.java
[INFO] (MainThread) Attempting to process_file_contents tokenizer-sample-input/zachtaylor-JPokemon.zip/JPokemon-master/src/org/jpokemon/battle/Target.java
[INFO] (MainThread) Successfully ran process_file_contents tokenizer-sample-input/zachtaylor-JPokemon.zip/tokenizer-sample-input/zachtaylor-JPokemon.zip/JPokemon-master/src/org/jpokemon/battle/Target.java
[INFO] (MainThread) Attempting to process_file_contents tokenizer-sample-input/zachtaylor-JPokemon.zip/JPokemon-master/src/org/jpokemon/battle/activity/BuildAttackTurnActivity.java
[INFO] (MainThread) Successfully ran process_file_contents tokenizer-sample-input/zachtaylor-JPokemon.zip/tokenizer-sample-input/zachtaylor-JPokemon.zip/JPokemon-master/src/org/jpokemon/battle/activity/BuildAttackTurnActivity.java
[INFO] (MainThread) Attempting to process_file_contents tokenizer-sample-input/zachtaylor-JPokemon.zip/JPokemon-master/src/org/jpokemon/battle/activity/BuildRunTurnActivity.java
[INFO] (MainThread) Successfully ran process_file_contents tokenizer-sample-input/zachtaylor-JPokemon.zip/tokenizer-sample-input/zachtaylor-JPokemon.zip/JPokemon-master/src/org/jpokemon/battle/activity/BuildRunTurnActivity.java
[INFO] (MainThread) Attempting to process_file_contents tokenizer-sample-input/zachtaylor-JPokemon.zip/JPokemon-master/src/org/jpokemon/battle/activity/BuildSwapTurnActivity.java
[INFO] (MainThread) Successfully ran process_file_contents tokenizer-sample-input/zachtaylor-JPokemon.zip/tokenizer-sample-input/zachtaylor-JPokemon.zip/JPokemon-master/src/org/jpokemon/battle/activity/BuildSwapTurnActivity.java
[INFO] (MainThread) Attempting to process_file_contents tokenizer-sample-input/zachtaylor-JPokemon.zip/JPokemon-master/src/org/jpokemon/battle/activity/BuildTurnActivity.java
[INFO] (MainThread) Successfully ran process_file_contents tokenizer-sample-input/zachtaylor-JPokemon.zip/tokenizer-sample-input/zachtaylor-JPokemon.zip/JPokemon-master/src/org/jpokemon/battle/activity/BuildTurnActivity.java
[INFO] (MainThread) Attempting to process_file_contents tokenizer-sample-input/zachtaylor-JPokemon.zip/JPokemon-master/src/org/jpokemon/battle/activity/SelectTargetForMoveActivity.java
[INFO] (MainThread) Successfully ran process_file_contents tokenizer-sample-input/zachtaylor-JPokemon.zip/tokenizer-sample-input/zachtaylor-JPokemon.zip/JPokemon-master/src/org/jpokemon/battle/activity/SelectTargetForMoveActivity.java
[INFO] (MainThread) Attempting to process_file_contents tokenizer-sample-input/zachtaylor-JPokemon.zip/JPokemon-master/src/org/jpokemon/battle/lobby/Lobby.java
[INFO] (MainThread) Successfully ran process_file_contents tokenizer-sample-input/zachtaylor-JPokemon.zip/tokenizer-sample-input/zachtaylor-JPokemon.zip/JPokemon-master/src/org/jpokemon/battle/lobby/Lobby.java
[INFO] (MainThread) Attempting to process_file_contents tokenizer-sample-input/zachtaylor-JPokemon.zip/JPokemon-master/src/org/jpokemon/battle/lobby/LobbyService.java
[INFO] (MainThread) Successfully ran process_file_contents tokenizer-sample-input/zachtaylor-JPokemon.zip/tokenizer-sample-input/zachtaylor-JPokemon.zip/JPokemon-master/src/org/jpokemon/battle/lobby/LobbyService.java
[INFO] (MainThread) Attempting to process_file_contents tokenizer-sample-input/zachtaylor-JPokemon.zip/JPokemon-master/src/org/jpokemon/battle/slot/Slot.java
[INFO] (MainThread) Successfully ran process_file_contents tokenizer-sample-input/zachtaylor-JPokemon.zip/tokenizer-sample-input/zachtaylor-JPokemon.zip/JPokemon-master/src/org/jpokemon/battle/slot/Slot.java
[INFO] (MainThread) Attempting to process_file_contents tokenizer-sample-input/zachtaylor-JPokemon.zip/JPokemon-master/src/org/jpokemon/battle/slot/SlotEffect.java
[INFO] (MainThread) Successfully ran process_file_contents tokenizer-sample-input/zachtaylor-JPokemon.zip/tokenizer-sample-input/zachtaylor-JPokemon.zip/JPokemon-master/src/org/jpokemon/battle/slot/SlotEffect.java
[INFO] (MainThread) Attempting to process_file_contents tokenizer-sample-input/zachtaylor-JPokemon.zip/JPokemon-master/src/org/jpokemon/battle/slot/SlotEffectType.java
[INFO] (MainThread) Successfully ran process_file_contents tokenizer-sample-input/zachtaylor-JPokemon.zip/tokenizer-sample-input/zachtaylor-JPokemon.zip/JPokemon-master/src/org/jpokemon/battle/slot/SlotEffectType.java
[INFO] (MainThread) Attempting to process_file_contents tokenizer-sample-input/zachtaylor-JPokemon.zip/JPokemon-master/src/org/jpokemon/battle/turn/AttackTurn.java
[INFO] (MainThread) Successfully ran process_file_contents tokenizer-sample-input/zachtaylor-JPokemon.zip/tokenizer-sample-input/zachtaylor-JPokemon.zip/JPokemon-master/src/org/jpokemon/battle/turn/AttackTurn.java
[INFO] (MainThread) Attempting to process_file_contents tokenizer-sample-input/zachtaylor-JPokemon.zip/JPokemon-master/src/org/jpokemon/battle/turn/ItemTurn.java
[INFO] (MainThread) Successfully ran process_file_contents tokenizer-sample-input/zachtaylor-JPokemon.zip/tokenizer-sample-input/zachtaylor-JPokemon.zip/JPokemon-master/src/org/jpokemon/battle/turn/ItemTurn.java
[INFO] (MainThread) Attempting to process_file_contents tokenizer-sample-input/zachtaylor-JPokemon.zip/JPokemon-master/src/org/jpokemon/battle/turn/RunTurn.java
[INFO] (MainThread) Successfully ran process_file_contents tokenizer-sample-input/zachtaylor-JPokemon.zip/tokenizer-sample-input/zachtaylor-JPokemon.zip/JPokemon-master/src/org/jpokemon/battle/turn/RunTurn.java
[INFO] (MainThread) Attempting to process_file_contents tokenizer-sample-input/zachtaylor-JPokemon.zip/JPokemon-master/src/org/jpokemon/battle/turn/SwapTurn.java
[INFO] (MainThread) Successfully ran process_file_contents tokenizer-sample-input/zachtaylor-JPokemon.zip/tokenizer-sample-input/zachtaylor-JPokemon.zip/JPokemon-master/src/org/jpokemon/battle/turn/SwapTurn.java
[INFO] (MainThread) Attempting to process_file_contents tokenizer-sample-input/zachtaylor-JPokemon.zip/JPokemon-master/src/org/jpokemon/battle/turn/Turn.java
[INFO] (MainThread) Successfully ran process_file_contents tokenizer-sample-input/zachtaylor-JPokemon.zip/tokenizer-sample-input/zachtaylor-JPokemon.zip/JPokemon-master/src/org/jpokemon/battle/turn/Turn.java
[INFO] (MainThread) Attempting to process_file_contents tokenizer-sample-input/zachtaylor-JPokemon.zip/JPokemon-master/src/org/jpokemon/extra/DresserActivity.java
[INFO] (MainThread) Successfully ran process_file_contents tokenizer-sample-input/zachtaylor-JPokemon.zip/tokenizer-sample-input/zachtaylor-JPokemon.zip/JPokemon-master/src/org/jpokemon/extra/DresserActivity.java
[INFO] (MainThread) Attempting to process_file_contents tokenizer-sample-input/zachtaylor-JPokemon.zip/JPokemon-master/src/org/jpokemon/extra/FriendsService.java
[INFO] (MainThread) Successfully ran process_file_contents tokenizer-sample-input/zachtaylor-JPokemon.zip/tokenizer-sample-input/zachtaylor-JPokemon.zip/JPokemon-master/src/org/jpokemon/extra/FriendsService.java
[INFO] (MainThread) Attempting to process_file_contents tokenizer-sample-input/zachtaylor-JPokemon.zip/JPokemon-master/src/org/jpokemon/extra/PartyService.java
[INFO] (MainThread) Successfully ran process_file_contents tokenizer-sample-input/zachtaylor-JPokemon.zip/tokenizer-sample-input/zachtaylor-JPokemon.zip/JPokemon-master/src/org/jpokemon/extra/PartyService.java
[INFO] (MainThread) Attempting to process_file_contents tokenizer-sample-input/zachtaylor-JPokemon.zip/JPokemon-master/src/org/jpokemon/interaction/Action.java
[INFO] (MainThread) Successfully ran process_file_contents tokenizer-sample-input/zachtaylor-JPokemon.zip/tokenizer-sample-input/zachtaylor-JPokemon.zip/JPokemon-master/src/org/jpokemon/interaction/Action.java
[INFO] (MainThread) Attempting to process_file_contents tokenizer-sample-input/zachtaylor-JPokemon.zip/JPokemon-master/src/org/jpokemon/interaction/ActionData.java
[INFO] (MainThread) Successfully ran process_file_contents tokenizer-sample-input/zachtaylor-JPokemon.zip/tokenizer-sample-input/zachtaylor-JPokemon.zip/JPokemon-master/src/org/jpokemon/interaction/ActionData.java
[INFO] (MainThread) Attempting to process_file_contents tokenizer-sample-input/zachtaylor-JPokemon.zip/JPokemon-master/src/org/jpokemon/interaction/ActionFactory.java
[INFO] (MainThread) Successfully ran process_file_contents tokenizer-sample-input/zachtaylor-JPokemon.zip/tokenizer-sample-input/zachtaylor-JPokemon.zip/JPokemon-master/src/org/jpokemon/interaction/ActionFactory.java
[INFO] (MainThread) Attempting to process_file_contents tokenizer-sample-input/zachtaylor-JPokemon.zip/JPokemon-master/src/org/jpokemon/interaction/ActionFactoryRegistry.java
[INFO] (MainThread) Successfully ran process_file_contents tokenizer-sample-input/zachtaylor-JPokemon.zip/tokenizer-sample-input/zachtaylor-JPokemon.zip/JPokemon-master/src/org/jpokemon/interaction/ActionFactoryRegistry.java
[INFO] (MainThread) Attempting to process_file_contents tokenizer-sample-input/zachtaylor-JPokemon.zip/JPokemon-master/src/org/jpokemon/interaction/ActionSet.java
[INFO] (MainThread) Successfully ran process_file_contents tokenizer-sample-input/zachtaylor-JPokemon.zip/tokenizer-sample-input/zachtaylor-JPokemon.zip/JPokemon-master/src/org/jpokemon/interaction/ActionSet.java
[INFO] (MainThread) Attempting to process_file_contents tokenizer-sample-input/zachtaylor-JPokemon.zip/JPokemon-master/src/org/jpokemon/interaction/Requirement.java
[INFO] (MainThread) Successfully ran process_file_contents tokenizer-sample-input/zachtaylor-JPokemon.zip/tokenizer-sample-input/zachtaylor-JPokemon.zip/JPokemon-master/src/org/jpokemon/interaction/Requirement.java
[INFO] (MainThread) Attempting to process_file_contents tokenizer-sample-input/zachtaylor-JPokemon.zip/JPokemon-master/src/org/jpokemon/interaction/RequirementData.java
[INFO] (MainThread) Successfully ran process_file_contents tokenizer-sample-input/zachtaylor-JPokemon.zip/tokenizer-sample-input/zachtaylor-JPokemon.zip/JPokemon-master/src/org/jpokemon/interaction/RequirementData.java
[INFO] (MainThread) Attempting to process_file_contents tokenizer-sample-input/zachtaylor-JPokemon.zip/JPokemon-master/src/org/jpokemon/interaction/RequirementFactory.java
[INFO] (MainThread) Successfully ran process_file_contents tokenizer-sample-input/zachtaylor-JPokemon.zip/tokenizer-sample-input/zachtaylor-JPokemon.zip/JPokemon-master/src/org/jpokemon/interaction/RequirementFactory.java
[INFO] (MainThread) Attempting to process_file_contents tokenizer-sample-input/zachtaylor-JPokemon.zip/JPokemon-master/src/org/jpokemon/interaction/RequirementFactoryRegistry.java
[INFO] (MainThread) Successfully ran process_file_contents tokenizer-sample-input/zachtaylor-JPokemon.zip/tokenizer-sample-input/zachtaylor-JPokemon.zip/JPokemon-master/src/org/jpokemon/interaction/RequirementFactoryRegistry.java
[INFO] (MainThread) Attempting to process_file_contents tokenizer-sample-input/zachtaylor-JPokemon.zip/JPokemon-master/src/org/jpokemon/interaction/actions/BattleAction.java
[INFO] (MainThread) Successfully ran process_file_contents tokenizer-sample-input/zachtaylor-JPokemon.zip/tokenizer-sample-input/zachtaylor-JPokemon.zip/JPokemon-master/src/org/jpokemon/interaction/actions/BattleAction.java
[INFO] (MainThread) Attempting to process_file_contents tokenizer-sample-input/zachtaylor-JPokemon.zip/JPokemon-master/src/org/jpokemon/interaction/actions/DresserActionFactory.java
[INFO] (MainThread) Successfully ran process_file_contents tokenizer-sample-input/zachtaylor-JPokemon.zip/tokenizer-sample-input/zachtaylor-JPokemon.zip/JPokemon-master/src/org/jpokemon/interaction/actions/DresserActionFactory.java
[INFO] (MainThread) Attempting to process_file_contents tokenizer-sample-input/zachtaylor-JPokemon.zip/JPokemon-master/src/org/jpokemon/interaction/actions/EventActionFactory.java
[INFO] (MainThread) Successfully ran process_file_contents tokenizer-sample-input/zachtaylor-JPokemon.zip/tokenizer-sample-input/zachtaylor-JPokemon.zip/JPokemon-master/src/org/jpokemon/interaction/actions/EventActionFactory.java
[INFO] (MainThread) Attempting to process_file_contents tokenizer-sample-input/zachtaylor-JPokemon.zip/JPokemon-master/src/org/jpokemon/interaction/actions/GrassActionFactory.java
[INFO] (MainThread) Successfully ran process_file_contents tokenizer-sample-input/zachtaylor-JPokemon.zip/tokenizer-sample-input/zachtaylor-JPokemon.zip/JPokemon-master/src/org/jpokemon/interaction/actions/GrassActionFactory.java
[INFO] (MainThread) Attempting to process_file_contents tokenizer-sample-input/zachtaylor-JPokemon.zip/JPokemon-master/src/org/jpokemon/interaction/actions/HealActionFactory.java
[INFO] (MainThread) Successfully ran process_file_contents tokenizer-sample-input/zachtaylor-JPokemon.zip/tokenizer-sample-input/zachtaylor-JPokemon.zip/JPokemon-master/src/org/jpokemon/interaction/actions/HealActionFactory.java
[INFO] (MainThread) Attempting to process_file_contents tokenizer-sample-input/zachtaylor-JPokemon.zip/JPokemon-master/src/org/jpokemon/interaction/actions/ItemActionFactory.java
[INFO] (MainThread) Successfully ran process_file_contents tokenizer-sample-input/zachtaylor-JPokemon.zip/tokenizer-sample-input/zachtaylor-JPokemon.zip/JPokemon-master/src/org/jpokemon/interaction/actions/ItemActionFactory.java
[INFO] (MainThread) Attempting to process_file_contents tokenizer-sample-input/zachtaylor-JPokemon.zip/JPokemon-master/src/org/jpokemon/interaction/actions/MapActionFactory.java
[INFO] (MainThread) Successfully ran process_file_contents tokenizer-sample-input/zachtaylor-JPokemon.zip/tokenizer-sample-input/zachtaylor-JPokemon.zip/JPokemon-master/src/org/jpokemon/interaction/actions/MapActionFactory.java
[INFO] (MainThread) Attempting to process_file_contents tokenizer-sample-input/zachtaylor-JPokemon.zip/JPokemon-master/src/org/jpokemon/interaction/actions/PokemonActionFactory.java
[INFO] (MainThread) Successfully ran process_file_contents tokenizer-sample-input/zachtaylor-JPokemon.zip/tokenizer-sample-input/zachtaylor-JPokemon.zip/JPokemon-master/src/org/jpokemon/interaction/actions/PokemonActionFactory.java
[INFO] (MainThread) Attempting to process_file_contents tokenizer-sample-input/zachtaylor-JPokemon.zip/JPokemon-master/src/org/jpokemon/interaction/actions/SpeechAction.java
[INFO] (MainThread) Successfully ran process_file_contents tokenizer-sample-input/zachtaylor-JPokemon.zip/tokenizer-sample-input/zachtaylor-JPokemon.zip/JPokemon-master/src/org/jpokemon/interaction/actions/SpeechAction.java
[INFO] (MainThread) Attempting to process_file_contents tokenizer-sample-input/zachtaylor-JPokemon.zip/JPokemon-master/src/org/jpokemon/interaction/actions/StoreActionFactory.java
[INFO] (MainThread) Successfully ran process_file_contents tokenizer-sample-input/zachtaylor-JPokemon.zip/tokenizer-sample-input/zachtaylor-JPokemon.zip/JPokemon-master/src/org/jpokemon/interaction/actions/StoreActionFactory.java
[INFO] (MainThread) Attempting to process_file_contents tokenizer-sample-input/zachtaylor-JPokemon.zip/JPokemon-master/src/org/jpokemon/interaction/actions/UpgradeActionFactory.java
[INFO] (MainThread) Successfully ran process_file_contents tokenizer-sample-input/zachtaylor-JPokemon.zip/tokenizer-sample-input/zachtaylor-JPokemon.zip/JPokemon-master/src/org/jpokemon/interaction/actions/UpgradeActionFactory.java
[INFO] (MainThread) Attempting to process_file_contents tokenizer-sample-input/zachtaylor-JPokemon.zip/JPokemon-master/src/org/jpokemon/interaction/requirements/EventRequirementFactory.java
[INFO] (MainThread) Successfully ran process_file_contents tokenizer-sample-input/zachtaylor-JPokemon.zip/tokenizer-sample-input/zachtaylor-JPokemon.zip/JPokemon-master/src/org/jpokemon/interaction/requirements/EventRequirementFactory.java
[INFO] (MainThread) Attempting to process_file_contents tokenizer-sample-input/zachtaylor-JPokemon.zip/JPokemon-master/src/org/jpokemon/interaction/requirements/PokedexRequirementFactory.java
[INFO] (MainThread) Successfully ran process_file_contents tokenizer-sample-input/zachtaylor-JPokemon.zip/tokenizer-sample-input/zachtaylor-JPokemon.zip/JPokemon-master/src/org/jpokemon/interaction/requirements/PokedexRequirementFactory.java
[INFO] (MainThread) Attempting to process_file_contents tokenizer-sample-input/zachtaylor-JPokemon.zip/JPokemon-master/src/org/jpokemon/item/Bag.java
[INFO] (MainThread) Successfully ran process_file_contents tokenizer-sample-input/zachtaylor-JPokemon.zip/tokenizer-sample-input/zachtaylor-JPokemon.zip/JPokemon-master/src/org/jpokemon/item/Bag.java
[INFO] (MainThread) Attempting to process_file_contents tokenizer-sample-input/zachtaylor-JPokemon.zip/JPokemon-master/src/org/jpokemon/item/Inventory.java
[INFO] (MainThread) Successfully ran process_file_contents tokenizer-sample-input/zachtaylor-JPokemon.zip/tokenizer-sample-input/zachtaylor-JPokemon.zip/JPokemon-master/src/org/jpokemon/item/Inventory.java
[INFO] (MainThread) Attempting to process_file_contents tokenizer-sample-input/zachtaylor-JPokemon.zip/JPokemon-master/src/org/jpokemon/item/Item.java
[INFO] (MainThread) Successfully ran process_file_contents tokenizer-sample-input/zachtaylor-JPokemon.zip/tokenizer-sample-input/zachtaylor-JPokemon.zip/JPokemon-master/src/org/jpokemon/item/Item.java
[INFO] (MainThread) Attempting to process_file_contents tokenizer-sample-input/zachtaylor-JPokemon.zip/JPokemon-master/src/org/jpokemon/item/ItemInfo.java
[INFO] (MainThread) Successfully ran process_file_contents tokenizer-sample-input/zachtaylor-JPokemon.zip/tokenizer-sample-input/zachtaylor-JPokemon.zip/JPokemon-master/src/org/jpokemon/item/ItemInfo.java
[INFO] (MainThread) Attempting to process_file_contents tokenizer-sample-input/zachtaylor-JPokemon.zip/JPokemon-master/src/org/jpokemon/item/ItemType.java
[INFO] (MainThread) Successfully ran process_file_contents tokenizer-sample-input/zachtaylor-JPokemon.zip/tokenizer-sample-input/zachtaylor-JPokemon.zip/JPokemon-master/src/org/jpokemon/item/ItemType.java
[INFO] (MainThread) Attempting to process_file_contents tokenizer-sample-input/zachtaylor-JPokemon.zip/JPokemon-master/src/org/jpokemon/item/Store.java
[INFO] (MainThread) Successfully ran process_file_contents tokenizer-sample-input/zachtaylor-JPokemon.zip/tokenizer-sample-input/zachtaylor-JPokemon.zip/JPokemon-master/src/org/jpokemon/item/Store.java
[INFO] (MainThread) Attempting to process_file_contents tokenizer-sample-input/zachtaylor-JPokemon.zip/JPokemon-master/src/org/jpokemon/item/StoreActivity.java
[INFO] (MainThread) Successfully ran process_file_contents tokenizer-sample-input/zachtaylor-JPokemon.zip/tokenizer-sample-input/zachtaylor-JPokemon.zip/JPokemon-master/src/org/jpokemon/item/StoreActivity.java
[INFO] (MainThread) Attempting to process_file_contents tokenizer-sample-input/zachtaylor-JPokemon.zip/JPokemon-master/src/org/jpokemon/overworld/Entity.java
[INFO] (MainThread) Successfully ran process_file_contents tokenizer-sample-input/zachtaylor-JPokemon.zip/tokenizer-sample-input/zachtaylor-JPokemon.zip/JPokemon-master/src/org/jpokemon/overworld/Entity.java
[INFO] (MainThread) Attempting to process_file_contents tokenizer-sample-input/zachtaylor-JPokemon.zip/JPokemon-master/src/org/jpokemon/overworld/Location.java
[INFO] (MainThread) Successfully ran process_file_contents tokenizer-sample-input/zachtaylor-JPokemon.zip/tokenizer-sample-input/zachtaylor-JPokemon.zip/JPokemon-master/src/org/jpokemon/overworld/Location.java
[INFO] (MainThread) Attempting to process_file_contents tokenizer-sample-input/zachtaylor-JPokemon.zip/JPokemon-master/src/org/jpokemon/overworld/Map.java
[INFO] (MainThread) Successfully ran process_file_contents tokenizer-sample-input/zachtaylor-JPokemon.zip/tokenizer-sample-input/zachtaylor-JPokemon.zip/JPokemon-master/src/org/jpokemon/overworld/Map.java
[INFO] (MainThread) Attempting to process_file_contents tokenizer-sample-input/zachtaylor-JPokemon.zip/JPokemon-master/src/org/jpokemon/overworld/OverworldService.java
[INFO] (MainThread) Successfully ran process_file_contents tokenizer-sample-input/zachtaylor-JPokemon.zip/tokenizer-sample-input/zachtaylor-JPokemon.zip/JPokemon-master/src/org/jpokemon/overworld/OverworldService.java
[INFO] (MainThread) Attempting to process_file_contents tokenizer-sample-input/zachtaylor-JPokemon.zip/JPokemon-master/src/org/jpokemon/overworld/TmxMapParser.java
[INFO] (MainThread) Successfully ran process_file_contents tokenizer-sample-input/zachtaylor-JPokemon.zip/tokenizer-sample-input/zachtaylor-JPokemon.zip/JPokemon-master/src/org/jpokemon/overworld/TmxMapParser.java
[INFO] (MainThread) Attempting to process_file_contents tokenizer-sample-input/zachtaylor-JPokemon.zip/JPokemon-master/src/org/jpokemon/overworld/WildPokemon.java
[INFO] (MainThread) Successfully ran process_file_contents tokenizer-sample-input/zachtaylor-JPokemon.zip/tokenizer-sample-input/zachtaylor-JPokemon.zip/JPokemon-master/src/org/jpokemon/overworld/WildPokemon.java
[INFO] (MainThread) Attempting to process_file_contents tokenizer-sample-input/zachtaylor-JPokemon.zip/JPokemon-master/src/org/jpokemon/pokedex/Pokedex.java
[INFO] (MainThread) Successfully ran process_file_contents tokenizer-sample-input/zachtaylor-JPokemon.zip/tokenizer-sample-input/zachtaylor-JPokemon.zip/JPokemon-master/src/org/jpokemon/pokedex/Pokedex.java
[INFO] (MainThread) Attempting to process_file_contents tokenizer-sample-input/zachtaylor-JPokemon.zip/JPokemon-master/src/org/jpokemon/pokedex/PokedexStatus.java
[INFO] (MainThread) Successfully ran process_file_contents tokenizer-sample-input/zachtaylor-JPokemon.zip/tokenizer-sample-input/zachtaylor-JPokemon.zip/JPokemon-master/src/org/jpokemon/pokedex/PokedexStatus.java
[INFO] (MainThread) Attempting to process_file_contents tokenizer-sample-input/zachtaylor-JPokemon.zip/JPokemon-master/src/org/jpokemon/pokemon/ConditionEffect.java
[INFO] (MainThread) Successfully ran process_file_contents tokenizer-sample-input/zachtaylor-JPokemon.zip/tokenizer-sample-input/zachtaylor-JPokemon.zip/JPokemon-master/src/org/jpokemon/pokemon/ConditionEffect.java
[INFO] (MainThread) Attempting to process_file_contents tokenizer-sample-input/zachtaylor-JPokemon.zip/JPokemon-master/src/org/jpokemon/pokemon/EffortValue.java
[INFO] (MainThread) Successfully ran process_file_contents tokenizer-sample-input/zachtaylor-JPokemon.zip/tokenizer-sample-input/zachtaylor-JPokemon.zip/JPokemon-master/src/org/jpokemon/pokemon/EffortValue.java
[INFO] (MainThread) Attempting to process_file_contents tokenizer-sample-input/zachtaylor-JPokemon.zip/JPokemon-master/src/org/jpokemon/pokemon/GrowthRate.java
[INFO] (MainThread) Successfully ran process_file_contents tokenizer-sample-input/zachtaylor-JPokemon.zip/tokenizer-sample-input/zachtaylor-JPokemon.zip/JPokemon-master/src/org/jpokemon/pokemon/GrowthRate.java
[INFO] (MainThread) Attempting to process_file_contents tokenizer-sample-input/zachtaylor-JPokemon.zip/JPokemon-master/src/org/jpokemon/pokemon/Pokemon.java
[INFO] (MainThread) Successfully ran process_file_contents tokenizer-sample-input/zachtaylor-JPokemon.zip/tokenizer-sample-input/zachtaylor-JPokemon.zip/JPokemon-master/src/org/jpokemon/pokemon/Pokemon.java
[INFO] (MainThread) Attempting to process_file_contents tokenizer-sample-input/zachtaylor-JPokemon.zip/JPokemon-master/src/org/jpokemon/pokemon/PokemonInfo.java
[INFO] (MainThread) Successfully ran process_file_contents tokenizer-sample-input/zachtaylor-JPokemon.zip/tokenizer-sample-input/zachtaylor-JPokemon.zip/JPokemon-master/src/org/jpokemon/pokemon/PokemonInfo.java
[INFO] (MainThread) Attempting to process_file_contents tokenizer-sample-input/zachtaylor-JPokemon.zip/JPokemon-master/src/org/jpokemon/pokemon/Type.java
[INFO] (MainThread) Successfully ran process_file_contents tokenizer-sample-input/zachtaylor-JPokemon.zip/tokenizer-sample-input/zachtaylor-JPokemon.zip/JPokemon-master/src/org/jpokemon/pokemon/Type.java
[INFO] (MainThread) Attempting to process_file_contents tokenizer-sample-input/zachtaylor-JPokemon.zip/JPokemon-master/src/org/jpokemon/pokemon/UpgradeActivity.java
[INFO] (MainThread) Successfully ran process_file_contents tokenizer-sample-input/zachtaylor-JPokemon.zip/tokenizer-sample-input/zachtaylor-JPokemon.zip/JPokemon-master/src/org/jpokemon/pokemon/UpgradeActivity.java
[INFO] (MainThread) Attempting to process_file_contents tokenizer-sample-input/zachtaylor-JPokemon.zip/JPokemon-master/src/org/jpokemon/pokemon/move/Move.java
[INFO] (MainThread) Successfully ran process_file_contents tokenizer-sample-input/zachtaylor-JPokemon.zip/tokenizer-sample-input/zachtaylor-JPokemon.zip/JPokemon-master/src/org/jpokemon/pokemon/move/Move.java
[INFO] (MainThread) Attempting to process_file_contents tokenizer-sample-input/zachtaylor-JPokemon.zip/JPokemon-master/src/org/jpokemon/pokemon/move/MoveBlock.java
[INFO] (MainThread) Successfully ran process_file_contents tokenizer-sample-input/zachtaylor-JPokemon.zip/tokenizer-sample-input/zachtaylor-JPokemon.zip/JPokemon-master/src/org/jpokemon/pokemon/move/MoveBlock.java
[INFO] (MainThread) Attempting to process_file_contents tokenizer-sample-input/zachtaylor-JPokemon.zip/JPokemon-master/src/org/jpokemon/pokemon/move/MoveInfo.java
[INFO] (MainThread) Successfully ran process_file_contents tokenizer-sample-input/zachtaylor-JPokemon.zip/tokenizer-sample-input/zachtaylor-JPokemon.zip/JPokemon-master/src/org/jpokemon/pokemon/move/MoveInfo.java
[INFO] (MainThread) Attempting to process_file_contents tokenizer-sample-input/zachtaylor-JPokemon.zip/JPokemon-master/src/org/jpokemon/pokemon/move/MoveMap.java
[INFO] (MainThread) Successfully ran process_file_contents tokenizer-sample-input/zachtaylor-JPokemon.zip/tokenizer-sample-input/zachtaylor-JPokemon.zip/JPokemon-master/src/org/jpokemon/pokemon/move/MoveMap.java
[INFO] (MainThread) Attempting to process_file_contents tokenizer-sample-input/zachtaylor-JPokemon.zip/JPokemon-master/src/org/jpokemon/pokemon/move/MoveStyle.java
[INFO] (MainThread) Successfully ran process_file_contents tokenizer-sample-input/zachtaylor-JPokemon.zip/tokenizer-sample-input/zachtaylor-JPokemon.zip/JPokemon-master/src/org/jpokemon/pokemon/move/MoveStyle.java
[INFO] (MainThread) Attempting to process_file_contents tokenizer-sample-input/zachtaylor-JPokemon.zip/JPokemon-master/src/org/jpokemon/pokemon/move/effect/MoveEffect.java
[INFO] (MainThread) Successfully ran process_file_contents tokenizer-sample-input/zachtaylor-JPokemon.zip/tokenizer-sample-input/zachtaylor-JPokemon.zip/JPokemon-master/src/org/jpokemon/pokemon/move/effect/MoveEffect.java
[INFO] (MainThread) Attempting to process_file_contents tokenizer-sample-input/zachtaylor-JPokemon.zip/JPokemon-master/src/org/jpokemon/pokemon/move/effect/MoveEffectType.java
[INFO] (MainThread) Successfully ran process_file_contents tokenizer-sample-input/zachtaylor-JPokemon.zip/tokenizer-sample-input/zachtaylor-JPokemon.zip/JPokemon-master/src/org/jpokemon/pokemon/move/effect/MoveEffectType.java
[INFO] (MainThread) Attempting to process_file_contents tokenizer-sample-input/zachtaylor-JPokemon.zip/JPokemon-master/src/org/jpokemon/pokemon/stat/Health.java
[INFO] (MainThread) Successfully ran process_file_contents tokenizer-sample-input/zachtaylor-JPokemon.zip/tokenizer-sample-input/zachtaylor-JPokemon.zip/JPokemon-master/src/org/jpokemon/pokemon/stat/Health.java
[INFO] (MainThread) Attempting to process_file_contents tokenizer-sample-input/zachtaylor-JPokemon.zip/JPokemon-master/src/org/jpokemon/pokemon/stat/Stat.java
[INFO] (MainThread) Successfully ran process_file_contents tokenizer-sample-input/zachtaylor-JPokemon.zip/tokenizer-sample-input/zachtaylor-JPokemon.zip/JPokemon-master/src/org/jpokemon/pokemon/stat/Stat.java
[INFO] (MainThread) Attempting to process_file_contents tokenizer-sample-input/zachtaylor-JPokemon.zip/JPokemon-master/src/org/jpokemon/pokemon/stat/StatBlock.java
[INFO] (MainThread) Successfully ran process_file_contents tokenizer-sample-input/zachtaylor-JPokemon.zip/tokenizer-sample-input/zachtaylor-JPokemon.zip/JPokemon-master/src/org/jpokemon/pokemon/stat/StatBlock.java
[INFO] (MainThread) Attempting to process_file_contents tokenizer-sample-input/zachtaylor-JPokemon.zip/JPokemon-master/src/org/jpokemon/pokemon/stat/StatType.java
[INFO] (MainThread) Successfully ran process_file_contents tokenizer-sample-input/zachtaylor-JPokemon.zip/tokenizer-sample-input/zachtaylor-JPokemon.zip/JPokemon-master/src/org/jpokemon/pokemon/stat/StatType.java
[INFO] (MainThread) Attempting to process_file_contents tokenizer-sample-input/zachtaylor-JPokemon.zip/JPokemon-master/src/org/jpokemon/pokemon/storage/PokemonStorageBlock.java
[INFO] (MainThread) Successfully ran process_file_contents tokenizer-sample-input/zachtaylor-JPokemon.zip/tokenizer-sample-input/zachtaylor-JPokemon.zip/JPokemon-master/src/org/jpokemon/pokemon/storage/PokemonStorageBlock.java
[INFO] (MainThread) Attempting to process_file_contents tokenizer-sample-input/zachtaylor-JPokemon.zip/JPokemon-master/src/org/jpokemon/pokemon/storage/PokemonStorageUnit.java
[INFO] (MainThread) Successfully ran process_file_contents tokenizer-sample-input/zachtaylor-JPokemon.zip/tokenizer-sample-input/zachtaylor-JPokemon.zip/JPokemon-master/src/org/jpokemon/pokemon/storage/PokemonStorageUnit.java
[INFO] (MainThread) Attempting to process_file_contents tokenizer-sample-input/zachtaylor-JPokemon.zip/JPokemon-master/src/org/jpokemon/server/FileServlet.java
[INFO] (MainThread) Successfully ran process_file_contents tokenizer-sample-input/zachtaylor-JPokemon.zip/tokenizer-sample-input/zachtaylor-JPokemon.zip/JPokemon-master/src/org/jpokemon/server/FileServlet.java
[INFO] (MainThread) Attempting to process_file_contents tokenizer-sample-input/zachtaylor-JPokemon.zip/JPokemon-master/src/org/jpokemon/server/JPokemonServer.java
[INFO] (MainThread) Successfully ran process_file_contents tokenizer-sample-input/zachtaylor-JPokemon.zip/tokenizer-sample-input/zachtaylor-JPokemon.zip/JPokemon-master/src/org/jpokemon/server/JPokemonServer.java
[INFO] (MainThread) Attempting to process_file_contents tokenizer-sample-input/zachtaylor-JPokemon.zip/JPokemon-master/src/org/jpokemon/server/JPokemonService.java
[INFO] (MainThread) Successfully ran process_file_contents tokenizer-sample-input/zachtaylor-JPokemon.zip/tokenizer-sample-input/zachtaylor-JPokemon.zip/JPokemon-master/src/org/jpokemon/server/JPokemonService.java
[INFO] (MainThread) Attempting to process_file_contents tokenizer-sample-input/zachtaylor-JPokemon.zip/JPokemon-master/src/org/jpokemon/server/JPokemonWebSocket.java
[INFO] (MainThread) Successfully ran process_file_contents tokenizer-sample-input/zachtaylor-JPokemon.zip/tokenizer-sample-input/zachtaylor-JPokemon.zip/JPokemon-master/src/org/jpokemon/server/JPokemonWebSocket.java
[INFO] (MainThread) Attempting to process_file_contents tokenizer-sample-input/zachtaylor-JPokemon.zip/JPokemon-master/src/org/jpokemon/server/JPokemonWebSocketServlet.java
[INFO] (MainThread) Successfully ran process_file_contents tokenizer-sample-input/zachtaylor-JPokemon.zip/tokenizer-sample-input/zachtaylor-JPokemon.zip/JPokemon-master/src/org/jpokemon/server/JPokemonWebSocketServlet.java
[INFO] (MainThread) Attempting to process_file_contents tokenizer-sample-input/zachtaylor-JPokemon.zip/JPokemon-master/src/org/jpokemon/server/Message.java
[INFO] (MainThread) Successfully ran process_file_contents tokenizer-sample-input/zachtaylor-JPokemon.zip/tokenizer-sample-input/zachtaylor-JPokemon.zip/JPokemon-master/src/org/jpokemon/server/Message.java
[INFO] (MainThread) Attempting to process_file_contents tokenizer-sample-input/zachtaylor-JPokemon.zip/JPokemon-master/src/org/jpokemon/server/PlayerManager.java
[INFO] (MainThread) Successfully ran process_file_contents tokenizer-sample-input/zachtaylor-JPokemon.zip/tokenizer-sample-input/zachtaylor-JPokemon.zip/JPokemon-master/src/org/jpokemon/server/PlayerManager.java
[INFO] (MainThread) Attempting to process_file_contents tokenizer-sample-input/zachtaylor-JPokemon.zip/JPokemon-master/src/org/jpokemon/server/ServiceException.java
[INFO] (MainThread) Successfully ran process_file_contents tokenizer-sample-input/zachtaylor-JPokemon.zip/tokenizer-sample-input/zachtaylor-JPokemon.zip/JPokemon-master/src/org/jpokemon/server/ServiceException.java
[INFO] (MainThread) Attempting to process_file_contents tokenizer-sample-input/zachtaylor-JPokemon.zip/JPokemon-master/src/org/jpokemon/trainer/Event.java
[INFO] (MainThread) Successfully ran process_file_contents tokenizer-sample-input/zachtaylor-JPokemon.zip/tokenizer-sample-input/zachtaylor-JPokemon.zip/JPokemon-master/src/org/jpokemon/trainer/Event.java
[INFO] (MainThread) Attempting to process_file_contents tokenizer-sample-input/zachtaylor-JPokemon.zip/JPokemon-master/src/org/jpokemon/trainer/Player.java
[INFO] (MainThread) Successfully ran process_file_contents tokenizer-sample-input/zachtaylor-JPokemon.zip/tokenizer-sample-input/zachtaylor-JPokemon.zip/JPokemon-master/src/org/jpokemon/trainer/Player.java
[INFO] (MainThread) Attempting to process_file_contents tokenizer-sample-input/zachtaylor-JPokemon.zip/JPokemon-master/src/org/jpokemon/trainer/PokemonTrainer.java
[INFO] (MainThread) Successfully ran process_file_contents tokenizer-sample-input/zachtaylor-JPokemon.zip/tokenizer-sample-input/zachtaylor-JPokemon.zip/JPokemon-master/src/org/jpokemon/trainer/PokemonTrainer.java
[INFO] (MainThread) Attempting to process_file_contents tokenizer-sample-input/zachtaylor-JPokemon.zip/JPokemon-master/src/org/jpokemon/trainer/Progress.java
[INFO] (MainThread) Successfully ran process_file_contents tokenizer-sample-input/zachtaylor-JPokemon.zip/tokenizer-sample-input/zachtaylor-JPokemon.zip/JPokemon-master/src/org/jpokemon/trainer/Progress.java
[INFO] (MainThread) Attempting to process_file_contents tokenizer-sample-input/zachtaylor-JPokemon.zip/JPokemon-master/src/org/jpokemon/trainer/Record.java
[INFO] (MainThread) Successfully ran process_file_contents tokenizer-sample-input/zachtaylor-JPokemon.zip/tokenizer-sample-input/zachtaylor-JPokemon.zip/JPokemon-master/src/org/jpokemon/trainer/Record.java
[INFO] (MainThread) Attempting to process_file_contents tokenizer-sample-input/zachtaylor-JPokemon.zip/JPokemon-master/src/org/jpokemon/trainer/Trainer.java
[INFO] (MainThread) Successfully ran process_file_contents tokenizer-sample-input/zachtaylor-JPokemon.zip/tokenizer-sample-input/zachtaylor-JPokemon.zip/JPokemon-master/src/org/jpokemon/trainer/Trainer.java
[INFO] (MainThread) Attempting to process_file_contents tokenizer-sample-input/zachtaylor-JPokemon.zip/JPokemon-master/src/org/jpokemon/trainer/WildTrainer.java
[INFO] (MainThread) Successfully ran process_file_contents tokenizer-sample-input/zachtaylor-JPokemon.zip/tokenizer-sample-input/zachtaylor-JPokemon.zip/JPokemon-master/src/org/jpokemon/trainer/WildTrainer.java
[INFO] (MainThread) Attempting to process_file_contents tokenizer-sample-input/zachtaylor-JPokemon.zip/JPokemon-master/test/org/jpokemon/pokedex/PokedexTest.java
[INFO] (MainThread) Successfully ran process_file_contents tokenizer-sample-input/zachtaylor-JPokemon.zip/tokenizer-sample-input/zachtaylor-JPokemon.zip/JPokemon-master/test/org/jpokemon/pokedex/PokedexTest.java
[INFO] (MainThread) Attempting to process_file_contents tokenizer-sample-input/zachtaylor-JPokemon.zip/JPokemon-master/test/org/jpokemon/pokemon/PokemonTest.java
[INFO] (MainThread) Successfully ran process_file_contents tokenizer-sample-input/zachtaylor-JPokemon.zip/tokenizer-sample-input/zachtaylor-JPokemon.zip/JPokemon-master/test/org/jpokemon/pokemon/PokemonTest.java
[INFO] (MainThread) Attempting to process_file_contents tokenizer-sample-input/zachtaylor-JPokemon.zip/JPokemon-master/test/org/jpokemon/pokemon/move/MoveBlockTest.java
[INFO] (MainThread) Successfully ran process_file_contents tokenizer-sample-input/zachtaylor-JPokemon.zip/tokenizer-sample-input/zachtaylor-JPokemon.zip/JPokemon-master/test/org/jpokemon/pokemon/move/MoveBlockTest.java
[INFO] (MainThread) Attempting to process_file_contents tokenizer-sample-input/zachtaylor-JPokemon.zip/JPokemon-master/test/org/jpokemon/pokemon/move/MoveTest.java
[INFO] (MainThread) Successfully ran process_file_contents tokenizer-sample-input/zachtaylor-JPokemon.zip/tokenizer-sample-input/zachtaylor-JPokemon.zip/JPokemon-master/test/org/jpokemon/pokemon/move/MoveTest.java
[INFO] (MainThread) Attempting to process_file_contents tokenizer-sample-input/zachtaylor-JPokemon.zip/JPokemon-master/test/org/jpokemon/pokemon/stat/StatBlockTest.java
[INFO] (MainThread) Successfully ran process_file_contents tokenizer-sample-input/zachtaylor-JPokemon.zip/tokenizer-sample-input/zachtaylor-JPokemon.zip/JPokemon-master/test/org/jpokemon/pokemon/stat/StatBlockTest.java
[INFO] (MainThread) Attempting to process_file_contents tokenizer-sample-input/zachtaylor-JPokemon.zip/JPokemon-master/test/org/jpokemon/pokemon/stat/StatTest.java
[INFO] (MainThread) Successfully ran process_file_contents tokenizer-sample-input/zachtaylor-JPokemon.zip/tokenizer-sample-input/zachtaylor-JPokemon.zip/JPokemon-master/test/org/jpokemon/pokemon/stat/StatTest.java
[INFO] (MainThread) Attempting to process_file_contents tokenizer-sample-input/zachtaylor-JPokemon.zip/JPokemon-master/test/org/jpokemon/pokemon/storage/PokemonStorageUnitTest.java
[INFO] (MainThread) Successfully ran process_file_contents tokenizer-sample-input/zachtaylor-JPokemon.zip/tokenizer-sample-input/zachtaylor-JPokemon.zip/JPokemon-master/test/org/jpokemon/pokemon/storage/PokemonStorageUnitTest.java
[INFO] (MainThread) Attempting to process_file_contents tokenizer-sample-input/zachtaylor-JPokemon.zip/JPokemon-master/test/org/jpokemon/trainer/PlayerTest.java
[INFO] (MainThread) Successfully ran process_file_contents tokenizer-sample-input/zachtaylor-JPokemon.zip/tokenizer-sample-input/zachtaylor-JPokemon.zip/JPokemon-master/test/org/jpokemon/trainer/PlayerTest.java
[INFO] (MainThread) Attempting to process_file_contents tokenizer-sample-input/zachtaylor-JPokemon.zip/JPokemon-master/test/org/jpokemon/trainer/RecordTest.java
[INFO] (MainThread) Successfully ran process_file_contents tokenizer-sample-input/zachtaylor-JPokemon.zip/tokenizer-sample-input/zachtaylor-JPokemon.zip/JPokemon-master/test/org/jpokemon/trainer/RecordTest.java
[INFO] (MainThread) Successfully ran process_zip_ball tokenizer-sample-input/zachtaylor-JPokemon.zip
[INFO] (MainThread) Project finished <4,tokenizer-sample-input/zachtaylor-JPokemon.zip> (process 0)
[INFO] (MainThread)  (0): Total: 0:00:00.149867micros | Zip: 9374 Read: 6809 Separators: 2816micros Tokens: 7958micros Write: 2654micros Hash: 2680 regex: 3004
[INFO] (MainThread) Process 0 finished. 148 files in 0s.
